I'll start by reading the agent definition and the bucket input file.
Now let me read the architecture reference and check the tmp directory status.
I have the bucket input (29 pages) and the architecture reference. Let me create the tmp directory and start reading the wiki cache files. I'll handle the unusual pages first — two TWOW chapter pages marked "skip" and a tiny likely-redirect page.
Battle of Ashemark is a redirect page, and the two Barristan TWOW pages are chapter summaries that shouldn't be in a battles bucket. Now let me read the actual battle pages in batches. Starting with the smaller ones.
Good progress on the small pages. Let me continue reading more wiki cache files.
I have enough context on the first ~10 pages. Let me read more of the remaining battle pages.
I now have sufficient data from all the wiki pages. Let me check if the questions JSONL file exists, then start producing all 29 node files.
Good, the JSONL files exist. Now I'll start writing all 29 node files. Let me begin with the first batch — the simpler/smaller battle nodes and the special cases.
First 6 nodes written. Continuing with the next batch.
Reading the remaining wiki cache files and bucket input data for the 17 unfinished pages.
Reading the remaining wiki cache files for the larger battle pages.
Writing node files for the 10 battles with already-read wiki HTML while reading the 5 remaining wiki cache files.
10 node files written. Now reading the 5 remaining wiki cache files for the unprocessed battles.
Now writing the final 5 battle nodes, the redirect node, and filing the JSONL questions.
Now filing the questions for Barristan I/II TWOW and writing stub nodes for them.
Now appending the Barristan I/II TWOW questions to the JSONL file.
Now verifying the final count and listing all node files.
28 node files written. The bucket had 29 pages: 27 battles + 2 chapter summaries (Barristan I/II TWOW). Accounting:

- **27 battle nodes** emitted (including 1 redirect: `battle-of-ashemark` → `taking-of-ashemark`)
- **1 redirect node** (`battle-of-ashemark.node.md` with `same_as: taking-of-ashemark`)
- **2 chapter pages skipped** (Barristan I/II TWOW — questions filed to `questions-for-matt.jsonl`)
- **0 conflicts or contradictions** filed

Summary of all 28 node files:

| # | Node | Conflict | Result |
|---|------|----------|--------|
| 1 | attack-on-old-wyk | Greyjoy's Rebellion | Royal victory |
| 2 | battle-above-the-gods-eye | Dance of the Dragons | Death of all combatants |
| 3 | battle-at-acorn-hall | Dance of the Dragons | Greens over blacks |
| 4 | battle-at-black-bog | Coming of the Andals | Weirwood Alliance |
| 5 | battle-at-duskendale | War of the Five Kings | Iron Throne (Bolton treachery) |
| 6 | battle-at-fairmarket | (none in track_b) | Hoare |
| 7 | battle-at-kayce | Dance of the Dragons | Westermen victory |
| 8 | battle-at-long-lake | (none in track_b) | Northern victory |
| 9 | battle-at-lordsport | Greyjoy's Rebellion | Iron Throne |
| 10 | battle-at-pyke | Greyjoy's Rebellion | Iron Throne |
| 11 | battle-at-rooks-rest | Dance of the Dragons | Greens (pyrrhic) |
| 12 | battle-at-stonebridge | Faith Militant uprising | Wat the Hewer |
| 13 | battle-at-the-burning-septry | War of the Five Kings | Brotherhood |
| 14 | battle-at-the-great-fork | Faith Militant uprising | Iron Throne |
| 15 | battle-at-the-horns-of-hazzat | Targaryen campaign, Slaver's Bay | Yunkai over Astapor |
| 16 | battle-at-the-mummers-ford | War of the Five Kings | Lannister |
| 17 | battle-at-the-red-fork | Dance of the Dragons | Greens over rivermen |
| 18 | battle-beneath-the-gods-eye | Aegon the Uncrowned's rebellion | Maegor over Aegon |
| 19 | battle-beneath-the-wall | Conflict beyond the Wall + WotFK | NW + Baratheon |
| 20 | battle-by-the-bloody-pool | (none in track_b) | Durrandon |
| 21 | battle-by-the-lakeshore | Dance of the Dragons | Blacks (total annihilation) |
| 22 | battle-for-the-dawn | The Long Night | Others defeated |
| 23 | battle-in-the-hills-below-the-golden-tooth | War of the Five Kings | Lannister |
| 24 | battle-in-the-ice | War of the Five Kings | Unresolved |
| 25 | battle-in-the-waters-off-gulltown | Aegon's Conquest | Mutual destruction |
| 26 | battle-in-the-whispering-wood | War of the Five Kings | Stark |
| 27 | battle-near-yunkai | Targaryen campaign, Slaver's Bay | Daenerys over Yunkai |
| 28 | battle-of-ashemark | (redirect) | → taking-of-ashemark |

Bucket `battles-a-b` is complete.
