I'll read my agent definition and the bucket input file.
Large bucket input. Let me read the structure and page list.
Let me get the page list and understand scope.
30 pages to process. Let me create the tmp directory and start reading wiki pages to build nodes. I'll process them in batches.
Now let me read the full bucket input in chunks to extract track_b data for each page, and start reading the wiki HTML files.
Now I need to read the wiki HTML files. Let me start with the larger/more important pages and smaller ones in parallel batches.
Good, I have all the data I need. Let me read the Jon Arryn wiki page more fully since he's the most important character here.
Now I have all the data I need. Let me build all 30 node files. I'll process them in batches using a script approach.
5 done, continuing with the next batch.
10 done. Continuing with pages 11-20.
15 done. Next batch: Jasper Arryn through Maddy.
20 done. Next batch: Maddy through Quince.
25 done. Final 5: Rodrik Arryn through Sharra Arryn.
All 30 nodes written. Let me verify the count and check for completeness.
Let me verify all required frontmatter fields are present across all nodes.
Bucket `characters-house-arryn` complete. All 30 node files produced in `working/wiki-pass2/characters-house-arryn/tmp/`, each with all required frontmatter fields. No questions, conflicts, or contradictions needed filing.

Summary of what was processed:
- **Major characters**: Jon Arryn (most detailed, ~400 words), Robert Arryn (Sweetrobin), Mord
- **Arryn succession line**: Sharra → Ronnel/Jonos → Hubert → Darnold/Rymond → Rodrik → Lord Arryn (father of Jeyne) → Jeyne → Arnold/Joffrey → Donnel → Jasper → Jon → Robert
- **Arryn household**: Colemon (maester), Gretchel, Maddy, Mela (servants), Hugh of the Vale (squire), Quince (first maester)
- **Historical Arryns**: Alys (×2), Alyssa (legendary), Amanda, Elys, Elbert, Eldric, Denys, Ronnel (son of Jasper), Rowena, Rodrik
