I'll start by reading my agent definition and the bucket input file.
This bucket has 27 pages — 14 chapter-summary pages (marked `skip`) and 13 actual event/battle/war pages. I need to read `reference/architecture.md` for the type taxonomy, then start reading wiki HTML for each page.
The bucket has 30 pages: 17 chapter-summary pages (all marked `skip`) and 13 actual event/battle/war entities. The chapter pages don't fit any entity type in the taxonomy. I'll file a question about them and produce nodes for the 13 real entities.

Let me start reading the wiki HTML for the entity pages.
Good progress on the first 5 entity pages. Reading the remaining 8 now.
I have all the wiki data I need for 12 of 13 entity pages. Let me read brief portions of the two pages that were too large, then start writing all nodes.
Let me re-read the bucket input to get the exact track_b_row data for each entity page.
Let me get the rest of the edge types from architecture.md.
Writing all 13 node files now. Starting with the first batch of 4.
Writing the next batch of 4 nodes.
Writing the next batch: assassination-of-tywin-lannister, assassinations-of-pycelle-and-kevan-lannister, assault-on-dragonstone, assault-on-harrenhal.
Writing the last node file and the questions-for-matt.jsonl entry.
All 13 nodes written. Now appending the question about the 17 chapter-summary pages to questions-for-matt.jsonl.
Now let me verify the output — confirm all 13 node files exist in tmp/.
All 13 node files written. Let me do a quick frontmatter validation — check that every file has all required fields.
All 13 files pass frontmatter validation — every required field is present in every node.

**Bucket `battles-a` complete:**
- 13 node files written to `working/wiki-pass2/battles-a/tmp/` (3 `event.war`, 10 `event.battle`)
- 17 chapter-summary pages skipped with a question filed to `questions-for-matt.jsonl` explaining why (no valid entity type in taxonomy for chapter summaries)
- All required frontmatter fields present on every node
- All claims cited to wiki source or track_b rows
- No writes outside `tmp/` and the append-only JSONL channel
